2024-09-23 20:52:01,050 INFO o.a.j.u.JMeterUtils: Setting Locale to en_EN
2024-09-23 20:52:01,061 INFO o.a.j.JMeter: Loading user properties from: /opt/homebrew/Cellar/jmeter/5.6.3/libexec/bin/user.properties
2024-09-23 20:52:01,061 INFO o.a.j.JMeter: Loading system properties from: /opt/homebrew/Cellar/jmeter/5.6.3/libexec/bin/system.properties
2024-09-23 20:52:01,063 INFO o.a.j.JMeter: Copyright (c) 1998-2024 The Apache Software Foundation
2024-09-23 20:52:01,063 INFO o.a.j.JMeter: Version 5.6.3
2024-09-23 20:52:01,063 INFO o.a.j.JMeter: java.version=21.0.4
2024-09-23 20:52:01,063 INFO o.a.j.JMeter: java.vm.name=OpenJDK 64-Bit Server VM
2024-09-23 20:52:01,063 INFO o.a.j.JMeter: os.name=Mac OS X
2024-09-23 20:52:01,063 INFO o.a.j.JMeter: os.arch=aarch64
2024-09-23 20:52:01,063 INFO o.a.j.JMeter: os.version=14.4
2024-09-23 20:52:01,064 INFO o.a.j.JMeter: file.encoding=UTF-8
2024-09-23 20:52:01,064 INFO o.a.j.JMeter: java.awt.headless=null
2024-09-23 20:52:01,064 INFO o.a.j.JMeter: Max memory     =1073741824
2024-09-23 20:52:01,064 INFO o.a.j.JMeter: Available Processors =11
2024-09-23 20:52:01,067 INFO o.a.j.JMeter: Default Locale=English (EN)
2024-09-23 20:52:01,068 INFO o.a.j.JMeter: JMeter  Locale=English (EN)
2024-09-23 20:52:01,068 INFO o.a.j.JMeter: JMeterHome=/opt/homebrew/Cellar/jmeter/5.6.3/libexec
2024-09-23 20:52:01,068 INFO o.a.j.JMeter: user.dir  =/Users/nicolaslorenzo/Desktop/RJMP_APIs
2024-09-23 20:52:01,068 INFO o.a.j.JMeter: PWD       =/Users/nicolaslorenzo/Desktop/RJMP_APIs
2024-09-23 20:52:01,069 INFO o.a.j.JMeter: IP: 127.0.0.1 Name: MacBook-Pro-de-Nicolas.local FullName: localhost
2024-09-23 20:52:01,074 INFO o.a.j.JMeter: Loaded icon properties from org/apache/jmeter/images/icon.properties
2024-09-23 20:52:01,750 INFO o.a.j.JMeterGuiLauncher: Setting LAF to: com.github.weisj.darklaf.DarkLaf:com.github.weisj.darklaf.theme.DarculaTheme
2024-09-23 20:52:02,718 INFO o.a.j.r.ClassFinder: Will scan jar /opt/homebrew/Cellar/jmeter/5.6.3/libexec/lib/ext/jmeter-plugins-manager-1.9.jar with filter ExtendsClassFilter [parents=[interface org.apache.jmeter.gui.action.Command], inner=false, contains=null, notContains=null]. Consider exposing JMeter plugins via META-INF/services, and add JMeter-Skip-Class-Scanning=true manifest attribute so JMeter can skip classfile scanning
2024-09-23 20:52:02,767 INFO o.a.j.r.ClassFinder: Will scan jar /opt/homebrew/Cellar/jmeter/5.6.3/libexec/lib/ext/jmeter-plugins-manager-1.9.jar with filter ExtendsClassFilter [parents=[interface org.apache.jmeter.gui.plugin.MenuCreator], inner=false, contains=null, notContains=null]. Consider exposing JMeter plugins via META-INF/services, and add JMeter-Skip-Class-Scanning=true manifest attribute so JMeter can skip classfile scanning
2024-09-23 20:52:02,818 INFO o.j.r.JARSourceHTTP: Requesting https://jmeter-plugins.org/repo/?installID=mac_os_x-45d987e9c18e59100522eb96cad45e96-gui
2024-09-23 20:52:05,071 INFO o.j.r.PluginManager: Plugins Status: [jpgc-plugins-manager=1.9, jmeter-core=5.6.3, jmeter-ftp=5.6.3, jmeter-http=5.6.3, jmeter-jdbc=5.6.3, jmeter-jms=5.6.3, jmeter-junit=5.6.3, jmeter-java=5.6.3, jmeter-ldap=5.6.3, jmeter-mail=5.6.3, jmeter-mongodb=5.6.3, jmeter-native=5.6.3, jmeter-tcp=5.6.3, jmeter-components=5.6.3]
2024-09-23 20:52:05,071 INFO o.j.r.PluginManagerMenuItem: Plugins Manager has upgrades: [jpgc-plugins-manager]
2024-09-23 20:53:38,376 INFO o.a.j.s.FileServer: Default base='/Users/nicolaslorenzo/Desktop/RJMP_APIs'
2024-09-23 20:53:38,377 INFO o.a.j.s.FileServer: Set new base='/Users/nicolaslorenzo/Desktop/RJMP_APIs'
2024-09-23 20:53:38,450 INFO o.a.j.s.SaveService: Testplan (JMX) version: 2.2. Testlog (JTL) version: 2.2
2024-09-23 20:53:38,455 INFO o.a.j.s.SaveService: Using SaveService properties version 5.0
2024-09-23 20:53:38,455 INFO o.a.j.s.SaveService: Using SaveService properties file encoding UTF-8
2024-09-23 20:55:49,339 INFO o.a.j.p.h.s.HTTPSamplerBase: Parser for text/html is org.apache.jmeter.protocol.http.parser.LagartoBasedHtmlParser
2024-09-23 20:55:49,339 INFO o.a.j.p.h.s.HTTPSamplerBase: Parser for application/xhtml+xml is org.apache.jmeter.protocol.http.parser.LagartoBasedHtmlParser
2024-09-23 20:55:49,340 INFO o.a.j.p.h.s.HTTPSamplerBase: Parser for application/xml is org.apache.jmeter.protocol.http.parser.LagartoBasedHtmlParser
2024-09-23 20:55:49,340 INFO o.a.j.p.h.s.HTTPSamplerBase: Parser for text/xml is org.apache.jmeter.protocol.http.parser.LagartoBasedHtmlParser
2024-09-23 20:55:49,340 INFO o.a.j.p.h.s.HTTPSamplerBase: Parser for text/vnd.wap.wml is org.apache.jmeter.protocol.http.parser.RegexpHTMLParser
2024-09-23 20:55:49,340 INFO o.a.j.p.h.s.HTTPSamplerBase: Parser for text/css is org.apache.jmeter.protocol.http.parser.CssParser
2024-09-23 20:58:16,400 INFO o.a.j.s.FileServer: Set new base='/Users/nicolaslorenzo/Desktop/RJMP_APIs'
2024-09-23 20:58:16,415 INFO o.a.j.e.StandardJMeterEngine: Running the test!
2024-09-23 20:58:16,416 INFO o.a.j.s.SampleEvent: List of sample_variables: []
2024-09-23 20:58:16,416 INFO o.a.j.s.SampleEvent: List of sample_variables: []
2024-09-23 20:58:16,416 INFO o.a.j.e.u.CompoundVariable: Note: Function class names must contain the string: '.functions.'
2024-09-23 20:58:16,416 INFO o.a.j.e.u.CompoundVariable: Note: Function class names must not contain the string: '.gui.'
2024-09-23 20:58:16,446 INFO o.a.j.r.ClassFinder: Will scan jar /opt/homebrew/Cellar/jmeter/5.6.3/libexec/lib/ext/jmeter-plugins-manager-1.9.jar with filter ExtendsClassFilter [parents=[interface org.apache.jmeter.functions.Function], inner=false, contains=null, notContains=null]. Consider exposing JMeter plugins via META-INF/services, and add JMeter-Skip-Class-Scanning=true manifest attribute so JMeter can skip classfile scanning
2024-09-23 20:58:16,448 INFO o.a.j.g.u.JMeterMenuBar: setRunning(true, *local*)
2024-09-23 20:58:16,476 INFO o.a.j.e.StandardJMeterEngine: Starting ThreadGroup: 1 : Thread Group
2024-09-23 20:58:16,476 INFO o.a.j.e.StandardJMeterEngine: Starting 20 threads for group Thread Group.
2024-09-23 20:58:16,476 INFO o.a.j.e.StandardJMeterEngine: Thread will continue on error
2024-09-23 20:58:16,476 INFO o.a.j.t.ThreadGroup: Starting thread group... number=1 threads=20 ramp-up=10 delayedStart=false
2024-09-23 20:58:16,478 INFO o.a.j.t.JMeterThread: Thread started: Thread Group 1-1
2024-09-23 20:58:16,479 INFO o.a.j.t.ThreadGroup: Started thread group number 1
2024-09-23 20:58:16,479 INFO o.a.j.e.StandardJMeterEngine: All thread groups have been started
2024-09-23 20:58:16,481 INFO o.a.j.p.h.s.HTTPHCAbstractImpl: Local host = MacBook-Pro-de-Nicolas.local
2024-09-23 20:58:16,484 INFO o.a.j.p.h.s.HTTPHC4Impl: HTTP request retry count = 0
2024-09-23 20:58:16,484 INFO o.a.j.s.SampleResult: Note: Sample TimeStamps are START times
2024-09-23 20:58:16,484 INFO o.a.j.s.SampleResult: sampleresult.default.encoding is set to UTF-8
2024-09-23 20:58:16,484 INFO o.a.j.s.SampleResult: sampleresult.useNanoTime=true
2024-09-23 20:58:16,484 INFO o.a.j.s.SampleResult: sampleresult.nanoThreadSleep=5000
2024-09-23 20:58:16,508 INFO o.a.j.t.JMeterThread: Thread is done: Thread Group 1-1
2024-09-23 20:58:16,508 INFO o.a.j.t.JMeterThread: Thread finished: Thread Group 1-1
2024-09-23 20:58:16,982 INFO o.a.j.t.JMeterThread: Thread started: Thread Group 1-2
2024-09-23 20:58:16,986 INFO o.a.j.t.JMeterThread: Thread is done: Thread Group 1-2
2024-09-23 20:58:16,986 INFO o.a.j.t.JMeterThread: Thread finished: Thread Group 1-2
2024-09-23 20:58:17,482 INFO o.a.j.t.JMeterThread: Thread started: Thread Group 1-3
2024-09-23 20:58:17,486 INFO o.a.j.t.JMeterThread: Thread is done: Thread Group 1-3
2024-09-23 20:58:17,486 INFO o.a.j.t.JMeterThread: Thread finished: Thread Group 1-3
2024-09-23 20:58:17,980 INFO o.a.j.t.JMeterThread: Thread started: Thread Group 1-4
2024-09-23 20:58:17,983 INFO o.a.j.t.JMeterThread: Thread is done: Thread Group 1-4
2024-09-23 20:58:17,983 INFO o.a.j.t.JMeterThread: Thread finished: Thread Group 1-4
2024-09-23 20:58:18,481 INFO o.a.j.t.JMeterThread: Thread started: Thread Group 1-5
2024-09-23 20:58:18,490 INFO o.a.j.t.JMeterThread: Thread is done: Thread Group 1-5
2024-09-23 20:58:18,490 INFO o.a.j.t.JMeterThread: Thread finished: Thread Group 1-5
2024-09-23 20:58:18,982 INFO o.a.j.t.JMeterThread: Thread started: Thread Group 1-6
2024-09-23 20:58:18,992 INFO o.a.j.t.JMeterThread: Thread is done: Thread Group 1-6
2024-09-23 20:58:18,992 INFO o.a.j.t.JMeterThread: Thread finished: Thread Group 1-6
2024-09-23 20:58:19,481 INFO o.a.j.t.JMeterThread: Thread started: Thread Group 1-7
2024-09-23 20:58:19,487 INFO o.a.j.t.JMeterThread: Thread is done: Thread Group 1-7
2024-09-23 20:58:19,488 INFO o.a.j.t.JMeterThread: Thread finished: Thread Group 1-7
2024-09-23 20:58:19,982 INFO o.a.j.t.JMeterThread: Thread started: Thread Group 1-8
2024-09-23 20:58:19,991 INFO o.a.j.t.JMeterThread: Thread is done: Thread Group 1-8
2024-09-23 20:58:19,991 INFO o.a.j.t.JMeterThread: Thread finished: Thread Group 1-8
2024-09-23 20:58:20,481 INFO o.a.j.t.JMeterThread: Thread started: Thread Group 1-9
2024-09-23 20:58:20,486 INFO o.a.j.t.JMeterThread: Thread is done: Thread Group 1-9
2024-09-23 20:58:20,486 INFO o.a.j.t.JMeterThread: Thread finished: Thread Group 1-9
2024-09-23 20:58:20,981 INFO o.a.j.t.JMeterThread: Thread started: Thread Group 1-10
2024-09-23 20:58:20,984 INFO o.a.j.t.JMeterThread: Thread is done: Thread Group 1-10
2024-09-23 20:58:20,984 INFO o.a.j.t.JMeterThread: Thread finished: Thread Group 1-10
2024-09-23 20:58:21,482 INFO o.a.j.t.JMeterThread: Thread started: Thread Group 1-11
2024-09-23 20:58:21,494 INFO o.a.j.t.JMeterThread: Thread is done: Thread Group 1-11
2024-09-23 20:58:21,494 INFO o.a.j.t.JMeterThread: Thread finished: Thread Group 1-11
2024-09-23 20:58:21,982 INFO o.a.j.t.JMeterThread: Thread started: Thread Group 1-12
2024-09-23 20:58:21,986 INFO o.a.j.t.JMeterThread: Thread is done: Thread Group 1-12
2024-09-23 20:58:21,986 INFO o.a.j.t.JMeterThread: Thread finished: Thread Group 1-12
2024-09-23 20:58:22,481 INFO o.a.j.t.JMeterThread: Thread started: Thread Group 1-13
2024-09-23 20:58:22,484 INFO o.a.j.t.JMeterThread: Thread is done: Thread Group 1-13
2024-09-23 20:58:22,484 INFO o.a.j.t.JMeterThread: Thread finished: Thread Group 1-13
2024-09-23 20:58:22,981 INFO o.a.j.t.JMeterThread: Thread started: Thread Group 1-14
2024-09-23 20:58:22,984 INFO o.a.j.t.JMeterThread: Thread is done: Thread Group 1-14
2024-09-23 20:58:22,984 INFO o.a.j.t.JMeterThread: Thread finished: Thread Group 1-14
2024-09-23 20:58:23,481 INFO o.a.j.t.JMeterThread: Thread started: Thread Group 1-15
2024-09-23 20:58:23,488 INFO o.a.j.t.JMeterThread: Thread is done: Thread Group 1-15
2024-09-23 20:58:23,488 INFO o.a.j.t.JMeterThread: Thread finished: Thread Group 1-15
2024-09-23 20:58:23,982 INFO o.a.j.t.JMeterThread: Thread started: Thread Group 1-16
2024-09-23 20:58:23,991 INFO o.a.j.t.JMeterThread: Thread is done: Thread Group 1-16
2024-09-23 20:58:23,992 INFO o.a.j.t.JMeterThread: Thread finished: Thread Group 1-16
2024-09-23 20:58:24,478 INFO o.a.j.t.JMeterThread: Thread started: Thread Group 1-17
2024-09-23 20:58:24,486 INFO o.a.j.t.JMeterThread: Thread is done: Thread Group 1-17
2024-09-23 20:58:24,486 INFO o.a.j.t.JMeterThread: Thread finished: Thread Group 1-17
2024-09-23 20:58:24,981 INFO o.a.j.t.JMeterThread: Thread started: Thread Group 1-18
2024-09-23 20:58:24,985 INFO o.a.j.t.JMeterThread: Thread is done: Thread Group 1-18
2024-09-23 20:58:24,985 INFO o.a.j.t.JMeterThread: Thread finished: Thread Group 1-18
2024-09-23 20:58:25,481 INFO o.a.j.t.JMeterThread: Thread started: Thread Group 1-19
2024-09-23 20:58:25,485 INFO o.a.j.t.JMeterThread: Thread is done: Thread Group 1-19
2024-09-23 20:58:25,485 INFO o.a.j.t.JMeterThread: Thread finished: Thread Group 1-19
2024-09-23 20:58:25,980 INFO o.a.j.t.JMeterThread: Thread started: Thread Group 1-20
2024-09-23 20:58:25,984 INFO o.a.j.t.JMeterThread: Thread is done: Thread Group 1-20
2024-09-23 20:58:25,984 INFO o.a.j.t.JMeterThread: Thread finished: Thread Group 1-20
2024-09-23 20:58:25,984 INFO o.a.j.e.StandardJMeterEngine: Notifying test listeners of end of test
2024-09-23 20:58:25,984 INFO o.a.j.g.u.JMeterMenuBar: setRunning(false, *local*)
2024-09-23 20:58:34,229 INFO o.a.j.e.StandardJMeterEngine: Running the test!
2024-09-23 20:58:34,230 INFO o.a.j.s.SampleEvent: List of sample_variables: []
2024-09-23 20:58:34,230 INFO o.a.j.g.u.JMeterMenuBar: setRunning(true, *local*)
2024-09-23 20:58:34,258 INFO o.a.j.e.StandardJMeterEngine: Starting ThreadGroup: 1 : Thread Group
2024-09-23 20:58:34,258 INFO o.a.j.e.StandardJMeterEngine: Starting 20 threads for group Thread Group.
2024-09-23 20:58:34,258 INFO o.a.j.e.StandardJMeterEngine: Thread will continue on error
2024-09-23 20:58:34,258 INFO o.a.j.t.ThreadGroup: Starting thread group... number=1 threads=20 ramp-up=10 delayedStart=false
2024-09-23 20:58:34,259 INFO o.a.j.t.JMeterThread: Thread started: Thread Group 1-1
2024-09-23 20:58:34,261 INFO o.a.j.t.ThreadGroup: Started thread group number 1
2024-09-23 20:58:34,261 INFO o.a.j.e.StandardJMeterEngine: All thread groups have been started
2024-09-23 20:58:34,261 INFO o.a.j.t.JMeterThread: Thread is done: Thread Group 1-1
2024-09-23 20:58:34,262 INFO o.a.j.t.JMeterThread: Thread finished: Thread Group 1-1
2024-09-23 20:58:34,763 INFO o.a.j.t.JMeterThread: Thread started: Thread Group 1-2
2024-09-23 20:58:34,767 INFO o.a.j.t.JMeterThread: Thread is done: Thread Group 1-2
2024-09-23 20:58:34,767 INFO o.a.j.t.JMeterThread: Thread finished: Thread Group 1-2
2024-09-23 20:58:35,263 INFO o.a.j.t.JMeterThread: Thread started: Thread Group 1-3
2024-09-23 20:58:35,267 INFO o.a.j.t.JMeterThread: Thread is done: Thread Group 1-3
2024-09-23 20:58:35,267 INFO o.a.j.t.JMeterThread: Thread finished: Thread Group 1-3
2024-09-23 20:58:35,763 INFO o.a.j.t.JMeterThread: Thread started: Thread Group 1-4
2024-09-23 20:58:35,771 INFO o.a.j.t.JMeterThread: Thread is done: Thread Group 1-4
2024-09-23 20:58:35,771 INFO o.a.j.t.JMeterThread: Thread finished: Thread Group 1-4
2024-09-23 20:58:36,264 INFO o.a.j.t.JMeterThread: Thread started: Thread Group 1-5
2024-09-23 20:58:36,268 INFO o.a.j.t.JMeterThread: Thread is done: Thread Group 1-5
2024-09-23 20:58:36,268 INFO o.a.j.t.JMeterThread: Thread finished: Thread Group 1-5
2024-09-23 20:58:36,763 INFO o.a.j.t.JMeterThread: Thread started: Thread Group 1-6
2024-09-23 20:58:36,769 INFO o.a.j.t.JMeterThread: Thread is done: Thread Group 1-6
2024-09-23 20:58:36,769 INFO o.a.j.t.JMeterThread: Thread finished: Thread Group 1-6
2024-09-23 20:58:37,263 INFO o.a.j.t.JMeterThread: Thread started: Thread Group 1-7
2024-09-23 20:58:37,270 INFO o.a.j.t.JMeterThread: Thread is done: Thread Group 1-7
2024-09-23 20:58:37,270 INFO o.a.j.t.JMeterThread: Thread finished: Thread Group 1-7
2024-09-23 20:58:37,759 INFO o.a.j.t.JMeterThread: Thread started: Thread Group 1-8
2024-09-23 20:58:37,766 INFO o.a.j.t.JMeterThread: Thread is done: Thread Group 1-8
2024-09-23 20:58:37,766 INFO o.a.j.t.JMeterThread: Thread finished: Thread Group 1-8
2024-09-23 20:58:38,263 INFO o.a.j.t.JMeterThread: Thread started: Thread Group 1-9
2024-09-23 20:58:38,269 INFO o.a.j.t.JMeterThread: Thread is done: Thread Group 1-9
2024-09-23 20:58:38,270 INFO o.a.j.t.JMeterThread: Thread finished: Thread Group 1-9
2024-09-23 20:58:38,763 INFO o.a.j.t.JMeterThread: Thread started: Thread Group 1-10
2024-09-23 20:58:38,768 INFO o.a.j.t.JMeterThread: Thread is done: Thread Group 1-10
2024-09-23 20:58:38,768 INFO o.a.j.t.JMeterThread: Thread finished: Thread Group 1-10
2024-09-23 20:58:39,263 INFO o.a.j.t.JMeterThread: Thread started: Thread Group 1-11
2024-09-23 20:58:39,266 INFO o.a.j.t.JMeterThread: Thread is done: Thread Group 1-11
2024-09-23 20:58:39,266 INFO o.a.j.t.JMeterThread: Thread finished: Thread Group 1-11
2024-09-23 20:58:39,763 INFO o.a.j.t.JMeterThread: Thread started: Thread Group 1-12
2024-09-23 20:58:39,771 INFO o.a.j.t.JMeterThread: Thread is done: Thread Group 1-12
2024-09-23 20:58:39,771 INFO o.a.j.t.JMeterThread: Thread finished: Thread Group 1-12
2024-09-23 20:58:40,263 INFO o.a.j.t.JMeterThread: Thread started: Thread Group 1-13
2024-09-23 20:58:40,271 INFO o.a.j.t.JMeterThread: Thread is done: Thread Group 1-13
2024-09-23 20:58:40,271 INFO o.a.j.t.JMeterThread: Thread finished: Thread Group 1-13
2024-09-23 20:58:40,764 INFO o.a.j.t.JMeterThread: Thread started: Thread Group 1-14
2024-09-23 20:58:40,771 INFO o.a.j.t.JMeterThread: Thread is done: Thread Group 1-14
2024-09-23 20:58:40,772 INFO o.a.j.t.JMeterThread: Thread finished: Thread Group 1-14
2024-09-23 20:58:41,263 INFO o.a.j.t.JMeterThread: Thread started: Thread Group 1-15
2024-09-23 20:58:41,272 INFO o.a.j.t.JMeterThread: Thread is done: Thread Group 1-15
2024-09-23 20:58:41,272 INFO o.a.j.t.JMeterThread: Thread finished: Thread Group 1-15
2024-09-23 20:58:41,764 INFO o.a.j.t.JMeterThread: Thread started: Thread Group 1-16
2024-09-23 20:58:41,768 INFO o.a.j.t.JMeterThread: Thread is done: Thread Group 1-16
2024-09-23 20:58:41,769 INFO o.a.j.t.JMeterThread: Thread finished: Thread Group 1-16
2024-09-23 20:58:42,264 INFO o.a.j.t.JMeterThread: Thread started: Thread Group 1-17
2024-09-23 20:58:42,272 INFO o.a.j.t.JMeterThread: Thread is done: Thread Group 1-17
2024-09-23 20:58:42,272 INFO o.a.j.t.JMeterThread: Thread finished: Thread Group 1-17
2024-09-23 20:58:42,759 INFO o.a.j.t.JMeterThread: Thread started: Thread Group 1-18
2024-09-23 20:58:42,767 INFO o.a.j.t.JMeterThread: Thread is done: Thread Group 1-18
2024-09-23 20:58:42,767 INFO o.a.j.t.JMeterThread: Thread finished: Thread Group 1-18
2024-09-23 20:58:43,259 INFO o.a.j.t.JMeterThread: Thread started: Thread Group 1-19
2024-09-23 20:58:43,267 INFO o.a.j.t.JMeterThread: Thread is done: Thread Group 1-19
2024-09-23 20:58:43,267 INFO o.a.j.t.JMeterThread: Thread finished: Thread Group 1-19
2024-09-23 20:58:43,759 INFO o.a.j.t.JMeterThread: Thread started: Thread Group 1-20
2024-09-23 20:58:43,767 INFO o.a.j.t.JMeterThread: Thread is done: Thread Group 1-20
2024-09-23 20:58:43,767 INFO o.a.j.t.JMeterThread: Thread finished: Thread Group 1-20
2024-09-23 20:58:43,767 INFO o.a.j.e.StandardJMeterEngine: Notifying test listeners of end of test
2024-09-23 20:58:43,768 INFO o.a.j.g.u.JMeterMenuBar: setRunning(false, *local*)
2024-09-23 21:03:06,248 INFO o.a.j.e.StandardJMeterEngine: Running the test!
2024-09-23 21:03:06,248 INFO o.a.j.s.SampleEvent: List of sample_variables: []
2024-09-23 21:03:06,249 INFO o.a.j.g.u.JMeterMenuBar: setRunning(true, *local*)
2024-09-23 21:03:06,277 INFO o.a.j.e.StandardJMeterEngine: Starting ThreadGroup: 1 : Thread Group
2024-09-23 21:03:06,277 INFO o.a.j.e.StandardJMeterEngine: Starting 20 threads for group Thread Group.
2024-09-23 21:03:06,277 INFO o.a.j.e.StandardJMeterEngine: Thread will continue on error
2024-09-23 21:03:06,278 INFO o.a.j.t.ThreadGroup: Starting thread group... number=1 threads=20 ramp-up=10 delayedStart=false
2024-09-23 21:03:06,278 INFO o.a.j.t.JMeterThread: Thread started: Thread Group 1-1
2024-09-23 21:03:06,280 INFO o.a.j.t.ThreadGroup: Started thread group number 1
2024-09-23 21:03:06,280 INFO o.a.j.e.StandardJMeterEngine: All thread groups have been started
2024-09-23 21:03:06,283 INFO o.a.j.t.JMeterThread: Thread is done: Thread Group 1-1
2024-09-23 21:03:06,283 INFO o.a.j.t.JMeterThread: Thread finished: Thread Group 1-1
2024-09-23 21:03:06,783 INFO o.a.j.t.JMeterThread: Thread started: Thread Group 1-2
2024-09-23 21:03:06,791 INFO o.a.j.t.JMeterThread: Thread is done: Thread Group 1-2
2024-09-23 21:03:06,791 INFO o.a.j.t.JMeterThread: Thread finished: Thread Group 1-2
2024-09-23 21:03:07,283 INFO o.a.j.t.JMeterThread: Thread started: Thread Group 1-3
2024-09-23 21:03:07,293 INFO o.a.j.t.JMeterThread: Thread is done: Thread Group 1-3
2024-09-23 21:03:07,293 INFO o.a.j.t.JMeterThread: Thread finished: Thread Group 1-3
2024-09-23 21:03:07,784 INFO o.a.j.t.JMeterThread: Thread started: Thread Group 1-4
2024-09-23 21:03:07,789 INFO o.a.j.t.JMeterThread: Thread is done: Thread Group 1-4
2024-09-23 21:03:07,789 INFO o.a.j.t.JMeterThread: Thread finished: Thread Group 1-4
2024-09-23 21:03:08,283 INFO o.a.j.t.JMeterThread: Thread started: Thread Group 1-5
2024-09-23 21:03:08,290 INFO o.a.j.t.JMeterThread: Thread is done: Thread Group 1-5
2024-09-23 21:03:08,290 INFO o.a.j.t.JMeterThread: Thread finished: Thread Group 1-5
2024-09-23 21:03:08,784 INFO o.a.j.t.JMeterThread: Thread started: Thread Group 1-6
2024-09-23 21:03:08,791 INFO o.a.j.t.JMeterThread: Thread is done: Thread Group 1-6
2024-09-23 21:03:08,792 INFO o.a.j.t.JMeterThread: Thread finished: Thread Group 1-6
2024-09-23 21:03:09,284 INFO o.a.j.t.JMeterThread: Thread started: Thread Group 1-7
2024-09-23 21:03:09,288 INFO o.a.j.t.JMeterThread: Thread is done: Thread Group 1-7
2024-09-23 21:03:09,288 INFO o.a.j.t.JMeterThread: Thread finished: Thread Group 1-7
2024-09-23 21:03:09,779 INFO o.a.j.t.JMeterThread: Thread started: Thread Group 1-8
2024-09-23 21:03:09,785 INFO o.a.j.t.JMeterThread: Thread is done: Thread Group 1-8
2024-09-23 21:03:09,787 INFO o.a.j.t.JMeterThread: Thread finished: Thread Group 1-8
2024-09-23 21:03:10,283 INFO o.a.j.t.JMeterThread: Thread started: Thread Group 1-9
2024-09-23 21:03:10,293 INFO o.a.j.t.JMeterThread: Thread is done: Thread Group 1-9
2024-09-23 21:03:10,293 INFO o.a.j.t.JMeterThread: Thread finished: Thread Group 1-9
2024-09-23 21:03:10,783 INFO o.a.j.t.JMeterThread: Thread started: Thread Group 1-10
2024-09-23 21:03:10,794 INFO o.a.j.t.JMeterThread: Thread is done: Thread Group 1-10
2024-09-23 21:03:10,795 INFO o.a.j.t.JMeterThread: Thread finished: Thread Group 1-10
2024-09-23 21:03:11,281 INFO o.a.j.t.JMeterThread: Thread started: Thread Group 1-11
2024-09-23 21:03:11,286 INFO o.a.j.t.JMeterThread: Thread is done: Thread Group 1-11
2024-09-23 21:03:11,286 INFO o.a.j.t.JMeterThread: Thread finished: Thread Group 1-11
2024-09-23 21:03:11,784 INFO o.a.j.t.JMeterThread: Thread started: Thread Group 1-12
2024-09-23 21:03:11,794 INFO o.a.j.t.JMeterThread: Thread is done: Thread Group 1-12
2024-09-23 21:03:11,794 INFO o.a.j.t.JMeterThread: Thread finished: Thread Group 1-12
2024-09-23 21:03:12,280 INFO o.a.j.t.JMeterThread: Thread started: Thread Group 1-13
2024-09-23 21:03:12,288 INFO o.a.j.t.JMeterThread: Thread is done: Thread Group 1-13
2024-09-23 21:03:12,288 INFO o.a.j.t.JMeterThread: Thread finished: Thread Group 1-13
2024-09-23 21:03:12,782 INFO o.a.j.t.JMeterThread: Thread started: Thread Group 1-14
2024-09-23 21:03:12,791 INFO o.a.j.t.JMeterThread: Thread is done: Thread Group 1-14
2024-09-23 21:03:12,791 INFO o.a.j.t.JMeterThread: Thread finished: Thread Group 1-14
2024-09-23 21:03:13,279 INFO o.a.j.t.JMeterThread: Thread started: Thread Group 1-15
2024-09-23 21:03:13,286 INFO o.a.j.t.JMeterThread: Thread is done: Thread Group 1-15
2024-09-23 21:03:13,286 INFO o.a.j.t.JMeterThread: Thread finished: Thread Group 1-15
2024-09-23 21:03:13,783 INFO o.a.j.t.JMeterThread: Thread started: Thread Group 1-16
2024-09-23 21:03:13,791 INFO o.a.j.t.JMeterThread: Thread is done: Thread Group 1-16
2024-09-23 21:03:13,791 INFO o.a.j.t.JMeterThread: Thread finished: Thread Group 1-16
2024-09-23 21:03:14,283 INFO o.a.j.t.JMeterThread: Thread started: Thread Group 1-17
2024-09-23 21:03:14,293 INFO o.a.j.t.JMeterThread: Thread is done: Thread Group 1-17
2024-09-23 21:03:14,294 INFO o.a.j.t.JMeterThread: Thread finished: Thread Group 1-17
2024-09-23 21:03:14,783 INFO o.a.j.t.JMeterThread: Thread started: Thread Group 1-18
2024-09-23 21:03:14,789 INFO o.a.j.t.JMeterThread: Thread is done: Thread Group 1-18
2024-09-23 21:03:14,789 INFO o.a.j.t.JMeterThread: Thread finished: Thread Group 1-18
2024-09-23 21:03:15,283 INFO o.a.j.t.JMeterThread: Thread started: Thread Group 1-19
2024-09-23 21:03:15,292 INFO o.a.j.t.JMeterThread: Thread is done: Thread Group 1-19
2024-09-23 21:03:15,292 INFO o.a.j.t.JMeterThread: Thread finished: Thread Group 1-19
2024-09-23 21:03:15,784 INFO o.a.j.t.JMeterThread: Thread started: Thread Group 1-20
2024-09-23 21:03:15,790 INFO o.a.j.t.JMeterThread: Thread is done: Thread Group 1-20
2024-09-23 21:03:15,790 INFO o.a.j.t.JMeterThread: Thread finished: Thread Group 1-20
2024-09-23 21:03:15,790 INFO o.a.j.e.StandardJMeterEngine: Notifying test listeners of end of test
2024-09-23 21:03:15,791 INFO o.a.j.g.u.JMeterMenuBar: setRunning(false, *local*)
2024-09-23 21:03:47,939 INFO o.a.j.e.StandardJMeterEngine: Running the test!
2024-09-23 21:03:47,940 INFO o.a.j.s.SampleEvent: List of sample_variables: []
2024-09-23 21:03:47,940 INFO o.a.j.g.u.JMeterMenuBar: setRunning(true, *local*)
2024-09-23 21:03:47,965 INFO o.a.j.e.StandardJMeterEngine: Starting ThreadGroup: 1 : Thread Group
2024-09-23 21:03:47,965 INFO o.a.j.e.StandardJMeterEngine: Starting 20 threads for group Thread Group.
2024-09-23 21:03:47,965 INFO o.a.j.e.StandardJMeterEngine: Thread will continue on error
2024-09-23 21:03:47,965 INFO o.a.j.t.ThreadGroup: Starting thread group... number=1 threads=20 ramp-up=10 delayedStart=false
2024-09-23 21:03:47,965 INFO o.a.j.t.JMeterThread: Thread started: Thread Group 1-1
2024-09-23 21:03:47,967 INFO o.a.j.t.ThreadGroup: Started thread group number 1
2024-09-23 21:03:47,967 INFO o.a.j.e.StandardJMeterEngine: All thread groups have been started
2024-09-23 21:03:47,970 INFO o.a.j.t.JMeterThread: Thread is done: Thread Group 1-1
2024-09-23 21:03:47,970 INFO o.a.j.t.JMeterThread: Thread finished: Thread Group 1-1
2024-09-23 21:03:48,470 INFO o.a.j.t.JMeterThread: Thread started: Thread Group 1-2
2024-09-23 21:03:48,479 INFO o.a.j.t.JMeterThread: Thread is done: Thread Group 1-2
2024-09-23 21:03:48,479 INFO o.a.j.t.JMeterThread: Thread finished: Thread Group 1-2
2024-09-23 21:03:48,970 INFO o.a.j.t.JMeterThread: Thread started: Thread Group 1-3
2024-09-23 21:03:48,980 INFO o.a.j.t.JMeterThread: Thread is done: Thread Group 1-3
2024-09-23 21:03:48,981 INFO o.a.j.t.JMeterThread: Thread finished: Thread Group 1-3
2024-09-23 21:03:49,470 INFO o.a.j.t.JMeterThread: Thread started: Thread Group 1-4
2024-09-23 21:03:49,473 INFO o.a.j.t.JMeterThread: Thread is done: Thread Group 1-4
2024-09-23 21:03:49,474 INFO o.a.j.t.JMeterThread: Thread finished: Thread Group 1-4
2024-09-23 21:03:49,970 INFO o.a.j.t.JMeterThread: Thread started: Thread Group 1-5
2024-09-23 21:03:49,977 INFO o.a.j.t.JMeterThread: Thread is done: Thread Group 1-5
2024-09-23 21:03:49,977 INFO o.a.j.t.JMeterThread: Thread finished: Thread Group 1-5
2024-09-23 21:03:50,469 INFO o.a.j.t.JMeterThread: Thread started: Thread Group 1-6
2024-09-23 21:03:50,476 INFO o.a.j.t.JMeterThread: Thread is done: Thread Group 1-6
2024-09-23 21:03:50,476 INFO o.a.j.t.JMeterThread: Thread finished: Thread Group 1-6
2024-09-23 21:03:50,971 INFO o.a.j.t.JMeterThread: Thread started: Thread Group 1-7
2024-09-23 21:03:50,977 INFO o.a.j.t.JMeterThread: Thread is done: Thread Group 1-7
2024-09-23 21:03:50,977 INFO o.a.j.t.JMeterThread: Thread finished: Thread Group 1-7
2024-09-23 21:03:51,470 INFO o.a.j.t.JMeterThread: Thread started: Thread Group 1-8
2024-09-23 21:03:51,478 INFO o.a.j.t.JMeterThread: Thread is done: Thread Group 1-8
2024-09-23 21:03:51,478 INFO o.a.j.t.JMeterThread: Thread finished: Thread Group 1-8
2024-09-23 21:03:51,970 INFO o.a.j.t.JMeterThread: Thread started: Thread Group 1-9
2024-09-23 21:03:51,976 INFO o.a.j.t.JMeterThread: Thread is done: Thread Group 1-9
2024-09-23 21:03:51,976 INFO o.a.j.t.JMeterThread: Thread finished: Thread Group 1-9
2024-09-23 21:03:52,471 INFO o.a.j.t.JMeterThread: Thread started: Thread Group 1-10
2024-09-23 21:03:52,477 INFO o.a.j.t.JMeterThread: Thread is done: Thread Group 1-10
2024-09-23 21:03:52,477 INFO o.a.j.t.JMeterThread: Thread finished: Thread Group 1-10
2024-09-23 21:03:52,966 INFO o.a.j.t.JMeterThread: Thread started: Thread Group 1-11
2024-09-23 21:03:52,974 INFO o.a.j.t.JMeterThread: Thread is done: Thread Group 1-11
2024-09-23 21:03:52,974 INFO o.a.j.t.JMeterThread: Thread finished: Thread Group 1-11
2024-09-23 21:03:53,470 INFO o.a.j.t.JMeterThread: Thread started: Thread Group 1-12
2024-09-23 21:03:53,477 INFO o.a.j.t.JMeterThread: Thread is done: Thread Group 1-12
2024-09-23 21:03:53,477 INFO o.a.j.t.JMeterThread: Thread finished: Thread Group 1-12
2024-09-23 21:03:53,970 INFO o.a.j.t.JMeterThread: Thread started: Thread Group 1-13
2024-09-23 21:03:53,977 INFO o.a.j.t.JMeterThread: Thread is done: Thread Group 1-13
2024-09-23 21:03:53,977 INFO o.a.j.t.JMeterThread: Thread finished: Thread Group 1-13
2024-09-23 21:03:54,469 INFO o.a.j.t.JMeterThread: Thread started: Thread Group 1-14
2024-09-23 21:03:54,477 INFO o.a.j.t.JMeterThread: Thread is done: Thread Group 1-14
2024-09-23 21:03:54,477 INFO o.a.j.t.JMeterThread: Thread finished: Thread Group 1-14
2024-09-23 21:03:54,968 INFO o.a.j.t.JMeterThread: Thread started: Thread Group 1-15
2024-09-23 21:03:54,975 INFO o.a.j.t.JMeterThread: Thread is done: Thread Group 1-15
2024-09-23 21:03:54,975 INFO o.a.j.t.JMeterThread: Thread finished: Thread Group 1-15
2024-09-23 21:03:55,472 INFO o.a.j.t.JMeterThread: Thread started: Thread Group 1-16
2024-09-23 21:03:55,479 INFO o.a.j.t.JMeterThread: Thread is done: Thread Group 1-16
2024-09-23 21:03:55,479 INFO o.a.j.t.JMeterThread: Thread finished: Thread Group 1-16
2024-09-23 21:03:55,971 INFO o.a.j.t.JMeterThread: Thread started: Thread Group 1-17
2024-09-23 21:03:55,978 INFO o.a.j.t.JMeterThread: Thread is done: Thread Group 1-17
2024-09-23 21:03:55,978 INFO o.a.j.t.JMeterThread: Thread finished: Thread Group 1-17
2024-09-23 21:03:56,470 INFO o.a.j.t.JMeterThread: Thread started: Thread Group 1-18
2024-09-23 21:03:56,475 INFO o.a.j.t.JMeterThread: Thread is done: Thread Group 1-18
2024-09-23 21:03:56,475 INFO o.a.j.t.JMeterThread: Thread finished: Thread Group 1-18
2024-09-23 21:03:56,968 INFO o.a.j.t.JMeterThread: Thread started: Thread Group 1-19
2024-09-23 21:03:56,975 INFO o.a.j.t.JMeterThread: Thread is done: Thread Group 1-19
2024-09-23 21:03:56,975 INFO o.a.j.t.JMeterThread: Thread finished: Thread Group 1-19
2024-09-23 21:03:57,468 INFO o.a.j.t.JMeterThread: Thread started: Thread Group 1-20
2024-09-23 21:03:57,476 INFO o.a.j.t.JMeterThread: Thread is done: Thread Group 1-20
2024-09-23 21:03:57,477 INFO o.a.j.t.JMeterThread: Thread finished: Thread Group 1-20
2024-09-23 21:03:57,477 INFO o.a.j.e.StandardJMeterEngine: Notifying test listeners of end of test
2024-09-23 21:03:57,477 INFO o.a.j.g.u.JMeterMenuBar: setRunning(false, *local*)
